<?xml version="1.0" encoding="UTF-8"?>
<testng-results ignored="0" total="1" passed="1" failed="0" skipped="0">
  <reporter-output>
  </reporter-output>
  <suite started-at="2022-01-25T01:03:53Z" name="Suite" finished-at="2022-01-25T01:04:00Z" duration-ms="7596">
    <groups>
    </groups>
    <test started-at="2022-01-25T01:03:53Z" name="Test" finished-at="2022-01-25T01:04:00Z" duration-ms="7596">
      <class name="mypackage.myTest">
        <test-method is-config="true" signature="setup()[pri:0, instance:mypackage.myTest@459e9125]" started-at="2022-01-25T01:03:53Z" name="setup" finished-at="2022-01-25T01:03:59Z" duration-ms="6442" status="PASS">
          <reporter-output>
          </reporter-output>
        </test-method> <!-- setup -->
        <test-method signature="opengoogle()[pri:0, instance:mypackage.myTest@459e9125]" started-at="2022-01-25T01:03:59Z" name="opengoogle" finished-at="2022-01-25T01:04:00Z" duration-ms="1073" status="PASS">
          <reporter-output>
          </reporter-output>
        </test-method> <!-- opengoogle -->
        <test-method is-config="true" signature="teardown()[pri:0, instance:mypackage.myTest@459e9125]" started-at="2022-01-25T01:04:00Z" name="teardown" finished-at="2022-01-25T01:04:00Z" duration-ms="68" status="PASS">
          <reporter-output>
          </reporter-output>
        </test-method> <!-- teardown -->
      </class> <!-- mypackage.myTest -->
    </test> <!-- Test -->
  </suite> <!-- Suite -->
</testng-results>
